<?xml version="1.0" encoding="UTF-8"?>
<testng-results skipped="0" failed="0" total="1" passed="1">
  <reporter-output>
  </reporter-output>
  <suite name="SupplierSuite" duration-ms="153767" started-at="2018-01-19T14:03:13Z" finished-at="2018-01-19T14:05:47Z">
    <groups>
    </groups>
    <test name="SupplierTestSeven" duration-ms="153767" started-at="2018-01-19T14:03:13Z" finished-at="2018-01-19T14:05:47Z">
      <class name="SaveItenary_MyAdmin.Save_Credit_MultiSupplier">
        <test-method status="PASS" signature="SaveCreditMultiSupplier(java.lang.String)[pri:0, instance:SaveItenary_MyAdmin.Save_Credit_MultiSupplier@32d2fa64]" name="SaveCreditMultiSupplier" duration-ms="153463" started-at="2018-01-19T19:33:13Z" finished-at="2018-01-19T19:35:47Z">
          <params>
            <param index="0">
              <value>
                <![CDATA[CH]]>
              </value>
            </param>
          </params>
          <reporter-output>
          </reporter-output>
        </test-method> <!-- SaveCreditMultiSupplier -->
        <test-method status="PASS" signature="getResult(org.testng.ITestResult)[pri:0, instance:SaveItenary_MyAdmin.Save_Credit_MultiSupplier@32d2fa64]" name="getResult" is-config="true" duration-ms="3" started-at="2018-01-19T19:35:47Z" finished-at="2018-01-19T19:35:47Z">
          <params>
            <param index="0">
              <value>
                <![CDATA[[TestResult name=SaveCreditMultiSupplier status=SUCCESS method=Save_Credit_MultiSupplier.SaveCreditMultiSupplier(java.lang.String)[pri:0, instance:SaveItenary_MyAdmin.Save_Credit_MultiSupplier@32d2fa64] output={null}]]]>
              </value>
            </param>
          </params>
          <reporter-output>
          </reporter-output>
        </test-method> <!-- getResult -->
        <test-method status="PASS" signature="afterTest()[pri:0, instance:SaveItenary_MyAdmin.Save_Credit_MultiSupplier@32d2fa64]" name="afterTest" is-config="true" duration-ms="283" started-at="2018-01-19T19:35:47Z" finished-at="2018-01-19T19:35:47Z">
          <reporter-output>
          </reporter-output>
        </test-method> <!-- afterTest -->
      </class> <!-- SaveItenary_MyAdmin.Save_Credit_MultiSupplier -->
    </test> <!-- SupplierTestSeven -->
  </suite> <!-- SupplierSuite -->
</testng-results>
