<?xml version="1.0" encoding="UTF-8"?>
<testng-results skipped="0" failed="0" total="1" passed="1">
  <reporter-output>
  </reporter-output>
  <suite name="SupplierSuite" duration-ms="88810" started-at="2018-01-24T12:45:46Z" finished-at="2018-01-24T12:47:14Z">
    <groups>
    </groups>
    <test name="SupplierTestSeven" duration-ms="88810" started-at="2018-01-24T12:45:46Z" finished-at="2018-01-24T12:47:14Z">
      <class name="SaveItenary_MyAdmin.Save_Prepay_Within_Deadline">
        <test-method status="PASS" signature="SavePrepayWithinDeadLine(java.lang.String)[pri:0, instance:SaveItenary_MyAdmin.Save_Prepay_Within_Deadline@8e24743]" name="SavePrepayWithinDeadLine" duration-ms="86267" started-at="2018-01-24T18:15:46Z" finished-at="2018-01-24T18:17:12Z">
          <params>
            <param index="0">
              <value>
                <![CDATA[CH]]>
              </value>
            </param>
          </params>
          <reporter-output>
          </reporter-output>
        </test-method> <!-- SavePrepayWithinDeadLine -->
        <test-method status="PASS" signature="getResult(org.testng.ITestResult)[pri:0, instance:SaveItenary_MyAdmin.Save_Prepay_Within_Deadline@8e24743]" name="getResult" is-config="true" duration-ms="3" started-at="2018-01-24T18:17:12Z" finished-at="2018-01-24T18:17:12Z">
          <params>
            <param index="0">
              <value>
                <![CDATA[[TestResult name=SavePrepayWithinDeadLine status=SUCCESS method=Save_Prepay_Within_Deadline.SavePrepayWithinDeadLine(java.lang.String)[pri:0, instance:SaveItenary_MyAdmin.Save_Prepay_Within_Deadline@8e24743] output={null}]]]>
              </value>
            </param>
          </params>
          <reporter-output>
          </reporter-output>
        </test-method> <!-- getResult -->
        <test-method status="PASS" signature="afterTest()[pri:0, instance:SaveItenary_MyAdmin.Save_Prepay_Within_Deadline@8e24743]" name="afterTest" is-config="true" duration-ms="2526" started-at="2018-01-24T18:17:12Z" finished-at="2018-01-24T18:17:14Z">
          <reporter-output>
          </reporter-output>
        </test-method> <!-- afterTest -->
      </class> <!-- SaveItenary_MyAdmin.Save_Prepay_Within_Deadline -->
    </test> <!-- SupplierTestSeven -->
  </suite> <!-- SupplierSuite -->
</testng-results>
