<?xml version="1.0" encoding="UTF-8"?>
<testsuite name="TestSuite" time="256.282" tests="3" errors="0" skipped="0" failures="1">
  <properties>
[...]
</properties>
  <testcase name="CancelPrepayWithinDeadLine" classname="Cancel_MyAdmin.Cancel_PrePay_Within_DeadLine" time="92.218"/>
  <testcase name="CancelPrepay" classname="Cancel_MyAdmin.Cancel_Prepay" time="83.611"/>
  <testcase name="CancelPrepay" classname="Cancel_MyAdmin.Cancel_Prepay_NFR" time="80.453">
    <failure message="Timed out after 30 seconds waiting for visibility of element located by By.xpath: //span[contains(text(),&apos;Within Deadline&apos;)]&#10;Build info: version: &apos;2.53.0&apos;, revision: &apos;35ae25b1534ae328c771e0856c93e187490ca824&apos;, time: &apos;2016-03-15 10:43:46&apos;&#10;System info: host: &apos;PC350015&apos;, ip: &apos;10.245.98.86&apos;, os.name: &apos;Windows 10&apos;, os.arch: &apos;amd64&apos;, os.version: &apos;10.0&apos;, java.version: &apos;1.8.0_131&apos;&#10;Driver info: org.openqa.selenium.chrome.ChromeDriver&#10;Capabilities [{applicationCacheEnabled=false, rotatable=false, mobileEmulationEnabled=false, networkConnectionEnabled=false, chrome={chromedriverVersion=2.30.477700 (0057494ad8732195794a7b32078424f92a5fce41), userDataDir=C:\Users\479739\AppData\Local\Temp\scoped_dir9536_30774}, takesHeapSnapshot=true, pageLoadStrategy=normal, databaseEnabled=false, handlesAlerts=true, hasTouchScreen=false, version=58.0.3029.110, platform=XP, browserConnectionEnabled=false, nativeEvents=true, acceptSslCerts=true, locationContextEnabled=true, webStorageEnabled=true, browserName=chrome, takesScreenshot=true, javascriptEnabled=true, cssSelectorsEnabled=true, unexpectedAlertBehaviour=}]&#10;Session ID: a56c726d6dd76ac551a390e3fde45f20 expected [true] but found [false]" type="java.lang.AssertionError">java.lang.AssertionError: Timed out after 30 seconds waiting for visibility of element located by By.xpath: //span[contains(text(),'Within Deadline')]
Build info: version: '2.53.0', revision: '35ae25b1534ae328c771e0856c93e187490ca824', time: '2016-03-15 10:43:46'
System info: host: 'PC350015', ip: '10.245.98.86', os.name: 'Windows 10', os.arch: 'amd64', os.version: '10.0', java.version: '1.8.0_131'
Driver info: org.openqa.selenium.chrome.ChromeDriver
Capabilities [{applicationCacheEnabled=false, rotatable=false, mobileEmulationEnabled=false, networkConnectionEnabled=false, chrome={chromedriverVersion=2.30.477700 (0057494ad8732195794a7b32078424f92a5fce41), userDataDir=C:\Users\479739\AppData\Local\Temp\scoped_dir9536_30774}, takesHeapSnapshot=true, pageLoadStrategy=normal, databaseEnabled=false, handlesAlerts=true, hasTouchScreen=false, version=58.0.3029.110, platform=XP, browserConnectionEnabled=false, nativeEvents=true, acceptSslCerts=true, locationContextEnabled=true, webStorageEnabled=true, browserName=chrome, takesScreenshot=true, javascriptEnabled=true, cssSelectorsEnabled=true, unexpectedAlertBehaviour=}]
Session ID: a56c726d6dd76ac551a390e3fde45f20 expected [true] but found [false]
	at org.testng.Assert.fail(Assert.java:94)
	at org.testng.Assert.failNotEquals(Assert.java:494)
	at org.testng.Assert.assertTrue(Assert.java:42)
	at Cancel_MyAdmin.Cancel_Prepay_NFR.CancelPrepay(Cancel_Prepay_NFR.java:217)
</failure>
    <system-out><![CDATA[ INFO [main] (Cancel_Prepay_NFR.java:55)- Test Case Started
CH
 INFO [main] (Cancel_Prepay_NFR.java:66)- Browser Opened
 INFO [main] (Cancel_Prepay_NFR.java:69)- Test Case Started
 INFO [main] (Cancel_Prepay_NFR.java:84)- Login Successful
 INFO [main] (Cancel_Prepay_NFR.java:99)- Searching Customer
 INFO [main] (Cancel_Prepay_NFR.java:103)- Navigating to customer search page
 INFO [main] (Cancel_Prepay_NFR.java:113)- Navigated to customer search page
 INFO [main] (Cancel_Prepay_NFR.java:129)- Selecting Customer
 INFO [main] (Cancel_Prepay_NFR.java:148)- Customer Selected
 INFO [main] (Cancel_Prepay_NFR.java:163)- Applying search Filters
 INFO [main] (Cancel_Prepay_NFR.java:164)- Starting HotelSearch Prepay
 INFO [main] (Cancel_Prepay_NFR.java:213)- Timed out after 30 seconds waiting for visibility of element located by By.xpath: //span[contains(text(),'Within Deadline')]
Build info: version: '2.53.0', revision: '35ae25b1534ae328c771e0856c93e187490ca824', time: '2016-03-15 10:43:46'
System info: host: 'PC350015', ip: '10.245.98.86', os.name: 'Windows 10', os.arch: 'amd64', os.version: '10.0', java.version: '1.8.0_131'
Driver info: org.openqa.selenium.chrome.ChromeDriver
Capabilities [{applicationCacheEnabled=false, rotatable=false, mobileEmulationEnabled=false, networkConnectionEnabled=false, chrome={chromedriverVersion=2.30.477700 (0057494ad8732195794a7b32078424f92a5fce41), userDataDir=C:\Users\479739\AppData\Local\Temp\scoped_dir9536_30774}, takesHeapSnapshot=true, pageLoadStrategy=normal, databaseEnabled=false, handlesAlerts=true, hasTouchScreen=false, version=58.0.3029.110, platform=XP, browserConnectionEnabled=false, nativeEvents=true, acceptSslCerts=true, locationContextEnabled=true, webStorageEnabled=true, browserName=chrome, takesScreenshot=true, javascriptEnabled=true, cssSelectorsEnabled=true, unexpectedAlertBehaviour=}]
Session ID: a56c726d6dd76ac551a390e3fde45f20
]]></system-out>
    <system-err><![CDATA[Starting ChromeDriver 2.30.477700 (0057494ad8732195794a7b32078424f92a5fce41) on port 12794
Only local connections are allowed.
]]></system-err>
  </testcase>
</testsuite>