<?xml version="1.0" encoding="UTF-8"?>
<testng-results skipped="0" failed="1" total="3" passed="2">
  <reporter-output>
  </reporter-output>
  <suite name="SupplierSuite" duration-ms="234550" started-at="2018-01-18T08:18:52Z" finished-at="2018-01-18T08:22:47Z">
    <groups>
    </groups>
    <test name="SupplierTestone" duration-ms="56464" started-at="2018-01-18T08:18:52Z" finished-at="2018-01-18T08:19:49Z">
      <class name="Search_MyAdmin.Search_Prepay">
        <test-method status="PASS" signature="SearchPrepay(java.lang.String)[pri:0, instance:Search_MyAdmin.Search_Prepay@2038ae61]" name="SearchPrepay" duration-ms="56144" started-at="2018-01-18T13:48:52Z" finished-at="2018-01-18T13:49:49Z">
          <params>
            <param index="0">
              <value>
                <![CDATA[CH]]>
              </value>
            </param>
          </params>
          <reporter-output>
          </reporter-output>
        </test-method> <!-- SearchPrepay -->
        <test-method status="PASS" signature="getResult(org.testng.ITestResult)[pri:0, instance:Search_MyAdmin.Search_Prepay@2038ae61]" name="getResult" is-config="true" duration-ms="3" started-at="2018-01-18T13:49:49Z" finished-at="2018-01-18T13:49:49Z">
          <params>
            <param index="0">
              <value>
                <![CDATA[[TestResult name=SearchPrepay status=SUCCESS method=Search_Prepay.SearchPrepay(java.lang.String)[pri:0, instance:Search_MyAdmin.Search_Prepay@2038ae61] output={null}]]]>
              </value>
            </param>
          </params>
          <reporter-output>
          </reporter-output>
        </test-method> <!-- getResult -->
        <test-method status="PASS" signature="afterTest()[pri:0, instance:Search_MyAdmin.Search_Prepay@2038ae61]" name="afterTest" is-config="true" duration-ms="301" started-at="2018-01-18T13:49:49Z" finished-at="2018-01-18T13:49:49Z">
          <reporter-output>
          </reporter-output>
        </test-method> <!-- afterTest -->
      </class> <!-- Search_MyAdmin.Search_Prepay -->
    </test> <!-- SupplierTestone -->
    <test name="SupplierTesttwo" duration-ms="95643" started-at="2018-01-18T08:19:49Z" finished-at="2018-01-18T08:21:25Z">
      <class name="Cancel_MyAdmin.Cancel_Credit">
        <test-method status="PASS" signature="CancelCredit(java.lang.String)[pri:0, instance:Cancel_MyAdmin.Cancel_Credit@185d8b6]" name="CancelCredit" duration-ms="95471" started-at="2018-01-18T13:49:49Z" finished-at="2018-01-18T13:51:24Z">
          <params>
            <param index="0">
              <value>
                <![CDATA[CH]]>
              </value>
            </param>
          </params>
          <reporter-output>
          </reporter-output>
        </test-method> <!-- CancelCredit -->
        <test-method status="PASS" signature="getResult(org.testng.ITestResult)[pri:0, instance:Cancel_MyAdmin.Cancel_Credit@185d8b6]" name="getResult" is-config="true" duration-ms="1" started-at="2018-01-18T13:51:24Z" finished-at="2018-01-18T13:51:24Z">
          <params>
            <param index="0">
              <value>
                <![CDATA[[TestResult name=CancelCredit status=SUCCESS method=Cancel_Credit.CancelCredit(java.lang.String)[pri:0, instance:Cancel_MyAdmin.Cancel_Credit@185d8b6] output={null}]]]>
              </value>
            </param>
          </params>
          <reporter-output>
          </reporter-output>
        </test-method> <!-- getResult -->
        <test-method status="PASS" signature="afterTest()[pri:0, instance:Cancel_MyAdmin.Cancel_Credit@185d8b6]" name="afterTest" is-config="true" duration-ms="171" started-at="2018-01-18T13:51:24Z" finished-at="2018-01-18T13:51:25Z">
          <reporter-output>
          </reporter-output>
        </test-method> <!-- afterTest -->
      </class> <!-- Cancel_MyAdmin.Cancel_Credit -->
    </test> <!-- SupplierTesttwo -->
    <test name="SupplierTestthree" duration-ms="82418" started-at="2018-01-18T08:21:25Z" finished-at="2018-01-18T08:22:47Z">
      <class name="Cancel_MyAdmin.Cancel_Prepay_NFR">
        <test-method status="FAIL" signature="CancelPrepay(java.lang.String)[pri:0, instance:Cancel_MyAdmin.Cancel_Prepay_NFR@57536d79]" name="CancelPrepay" duration-ms="82263" started-at="2018-01-18T13:51:25Z" finished-at="2018-01-18T13:52:47Z">
          <params>
            <param index="0">
              <value>
                <![CDATA[CH]]>
              </value>
            </param>
          </params>
          <exception class="java.lang.AssertionError">
            <message>
              <![CDATA[Timed out after 30 seconds waiting for visibility of element located by By.xpath: //span[contains(text(),'Within Deadline')]
Build info: version: '2.53.0', revision: '35ae25b1534ae328c771e0856c93e187490ca824', time: '2016-03-15 10:43:46'
System info: host: 'PC350015', ip: '10.245.98.86', os.name: 'Windows 10', os.arch: 'amd64', os.version: '10.0', java.version: '1.8.0_131'
Driver info: org.openqa.selenium.chrome.ChromeDriver
Capabilities [{applicationCacheEnabled=false, rotatable=false, mobileEmulationEnabled=false, networkConnectionEnabled=false, chrome={chromedriverVersion=2.30.477700 (0057494ad8732195794a7b32078424f92a5fce41), userDataDir=C:\Users\479739\AppData\Local\Temp\scoped_dir21892_22966}, takesHeapSnapshot=true, pageLoadStrategy=normal, databaseEnabled=false, handlesAlerts=true, hasTouchScreen=false, version=58.0.3029.110, platform=XP, browserConnectionEnabled=false, nativeEvents=true, acceptSslCerts=true, locationContextEnabled=true, webStorageEnabled=true, browserName=chrome, takesScreenshot=true, javascriptEnabled=true, cssSelectorsEnabled=true, unexpectedAlertBehaviour=}]
Session ID: 2d49943bde9d5dfe57092b144efa2259 expected [true] but found [false]]]>
            </message>
            <full-stacktrace>
              <![CDATA[java.lang.AssertionError: Timed out after 30 seconds waiting for visibility of element located by By.xpath: //span[contains(text(),'Within Deadline')]
Build info: version: '2.53.0', revision: '35ae25b1534ae328c771e0856c93e187490ca824', time: '2016-03-15 10:43:46'
System info: host: 'PC350015', ip: '10.245.98.86', os.name: 'Windows 10', os.arch: 'amd64', os.version: '10.0', java.version: '1.8.0_131'
Driver info: org.openqa.selenium.chrome.ChromeDriver
Capabilities [{applicationCacheEnabled=false, rotatable=false, mobileEmulationEnabled=false, networkConnectionEnabled=false, chrome={chromedriverVersion=2.30.477700 (0057494ad8732195794a7b32078424f92a5fce41), userDataDir=C:\Users\479739\AppData\Local\Temp\scoped_dir21892_22966}, takesHeapSnapshot=true, pageLoadStrategy=normal, databaseEnabled=false, handlesAlerts=true, hasTouchScreen=false, version=58.0.3029.110, platform=XP, browserConnectionEnabled=false, nativeEvents=true, acceptSslCerts=true, locationContextEnabled=true, webStorageEnabled=true, browserName=chrome, takesScreenshot=true, javascriptEnabled=true, cssSelectorsEnabled=true, unexpectedAlertBehaviour=}]
Session ID: 2d49943bde9d5dfe57092b144efa2259 expected [true] but found [false]
	at org.testng.Assert.fail(Assert.java:94)
	at org.testng.Assert.failNotEquals(Assert.java:494)
	at org.testng.Assert.assertTrue(Assert.java:42)
	at Cancel_MyAdmin.Cancel_Prepay_NFR.CancelPrepay(Cancel_Prepay_NFR.java:217)
	at sun.reflect.NativeMethodAccessorImpl.invoke0(Native Method)
	at sun.reflect.NativeMethodAccessorImpl.invoke(NativeMethodAccessorImpl.java:62)
	at sun.reflect.DelegatingMethodAccessorImpl.invoke(DelegatingMethodAccessorImpl.java:43)
	at java.lang.reflect.Method.invoke(Method.java:498)
	at org.testng.internal.MethodInvocationHelper.invokeMethod(MethodInvocationHelper.java:80)
	at org.testng.internal.Invoker.invokeMethod(Invoker.java:714)
	at org.testng.internal.Invoker.invokeTestMethod(Invoker.java:901)
	at org.testng.internal.Invoker.invokeTestMethods(Invoker.java:1231)
	at org.testng.internal.TestMethodWorker.invokeTestMethods(TestMethodWorker.java:127)
	at org.testng.internal.TestMethodWorker.run(TestMethodWorker.java:111)
	at org.testng.TestRunner.privateRun(TestRunner.java:767)
	at org.testng.TestRunner.run(TestRunner.java:617)
	at org.testng.SuiteRunner.runTest(SuiteRunner.java:334)
	at org.testng.SuiteRunner.runSequentially(SuiteRunner.java:329)
	at org.testng.SuiteRunner.privateRun(SuiteRunner.java:291)
	at org.testng.SuiteRunner.run(SuiteRunner.java:240)
	at org.testng.SuiteRunnerWorker.runSuite(SuiteRunnerWorker.java:52)
	at org.testng.SuiteRunnerWorker.run(SuiteRunnerWorker.java:86)
	at org.testng.TestNG.runSuitesSequentially(TestNG.java:1198)
	at org.testng.TestNG.runSuitesLocally(TestNG.java:1123)
	at org.testng.TestNG.run(TestNG.java:1031)
	at org.apache.maven.surefire.testng.TestNGExecutor.run(TestNGExecutor.java:293)
	at org.apache.maven.surefire.testng.TestNGXmlTestSuite.execute(TestNGXmlTestSuite.java:84)
	at org.apache.maven.surefire.testng.TestNGProvider.invoke(TestNGProvider.java:91)
	at org.apache.maven.surefire.booter.ForkedBooter.invokeProviderInSameClassLoader(ForkedBooter.java:200)
	at org.apache.maven.surefire.booter.ForkedBooter.runSuitesInProcess(ForkedBooter.java:153)
	at org.apache.maven.surefire.booter.ForkedBooter.main(ForkedBooter.java:103)
]]>
            </full-stacktrace>
          </exception> <!-- java.lang.AssertionError -->
          <reporter-output>
          </reporter-output>
        </test-method> <!-- CancelPrepay -->
        <test-method status="PASS" signature="getResult(org.testng.ITestResult)[pri:0, instance:Cancel_MyAdmin.Cancel_Prepay_NFR@57536d79]" name="getResult" is-config="true" duration-ms="1" started-at="2018-01-18T13:52:47Z" finished-at="2018-01-18T13:52:47Z">
          <params>
            <param index="0">
              <value>
                <![CDATA[[TestResult name=CancelPrepay status=FAILURE method=Cancel_Prepay_NFR.CancelPrepay(java.lang.String)[pri:0, instance:Cancel_MyAdmin.Cancel_Prepay_NFR@57536d79] output={null}]]]>
              </value>
            </param>
          </params>
          <reporter-output>
          </reporter-output>
        </test-method> <!-- getResult -->
        <test-method status="PASS" signature="afterTest()[pri:0, instance:Cancel_MyAdmin.Cancel_Prepay_NFR@57536d79]" name="afterTest" is-config="true" duration-ms="129" started-at="2018-01-18T13:52:47Z" finished-at="2018-01-18T13:52:47Z">
          <reporter-output>
          </reporter-output>
        </test-method> <!-- afterTest -->
      </class> <!-- Cancel_MyAdmin.Cancel_Prepay_NFR -->
    </test> <!-- SupplierTestthree -->
  </suite> <!-- SupplierSuite -->
</testng-results>
